<?xml version="1.0" encoding="UTF-8"?>
<testsuite name="lab5.Lab5Test" tests="2" skipped="0" failures="0" errors="0" timestamp="2022-12-13T16:49:34" hostname="DESKTOP-TVLHH8O" time="0.081">
  <properties/>
  <testcase name="connectionTest" classname="lab5.Lab5Test" time="0.075"/>
  <testcase name="creationTest" classname="lab5.Lab5Test" time="0.001"/>
  <system-out><![CDATA[]]></system-out>
  <system-err><![CDATA[]]></system-err>
</testsuite>
